1564223032386	mozrunner::runner	INFO	Running command: "C:\\Program Files\\Mozilla Firefox\\firefox.exe" "-marionette" "-foreground" "-no-remote" "-profile" "C:\\Users\\g_osm\\AppData\\Local\\Temp\\rust_mozprofile.TQIc7syQ5CRw"
1564223033452	addons.webextension.screenshots@mozilla.org	WARN	Loading extension 'screenshots@mozilla.org': Reading manifest: Invalid extension permission: mozillaAddons
1564223033452	addons.webextension.screenshots@mozilla.org	WARN	Loading extension 'screenshots@mozilla.org': Reading manifest: Invalid extension permission: telemetry
1564223033453	addons.webextension.screenshots@mozilla.org	WARN	Loading extension 'screenshots@mozilla.org': Reading manifest: Invalid extension permission: resource://pdf.js/
1564223033453	addons.webextension.screenshots@mozilla.org	WARN	Loading extension 'screenshots@mozilla.org': Reading manifest: Invalid extension permission: about:reader*
1564223035500	Marionette	INFO	Listening on port 64057
1564223035659	Marionette	WARN	TLS certificate errors will be ignored for this session
[Child 26212, Chrome_ChildThread] WARNING: pipe error: 109: file z:/task_1563383129/build/src/ipc/chromium/src/chrome/common/ipc_channel_win.cc, line 341
[Child 26212, Chrome_ChildThread] WARNING: p[Parent 29628, Gecko_IOThread] WARNING: pipe error: 109: file z:/task_1563383129/build/src/ipc/chromium/src/chrome/common/ipc_channel_win.cc, line 341
[Child 27128, Chrome_ChildThread] WARNING: pipe error: 109: file z:/task_1563383129/build/src/ipc/chromium/src/chrome/common/ipc_channel_win.cc, line 341
[Child 27128, Chr[Child 22492, Chrome_ChildThread] WARNING: pipe error: 109: file z:/task_1563383129/build/src/ipc/chromium/src/chrome/common/ipc_channel_win.cc, line 341
[Child 22492, Chro[Parent 29628, Gecko_IOThread] WARNING: pipe error: 109: file z:/task_1563383129/build/src/ipc/chromium/src/chrome/common/ipc_channel_win.cc, line 341
[Child 28996, Chrome_ChildThread] WARNING: pipe error: 109: file z:/task_1563383129/build/src/ipc/chromium/src/chrome/common/ipc_channel_win.cc, line 341
[Child 28996, Chrome_1564223068742	Marionette	INFO	Stopped listening on port 64057
[GPU 10272, 
###!!! [Child][RunMessage] Error: Channel closing: too late to send/recv, messages will be lost

C
###!!! [Child][MessageChannel::SendAndWait] Error: Channel error: cannot send/recv

1564223091010	mozrunner::runner	INFO	Running command: "C:\\Program Files\\Mozilla Firefox\\firefox.exe" "-marionette" "-foreground" "-no-remote" "-profile" "C:\\Users\\g_osm\\AppData\\Local\\Temp\\rust_mozprofile.4LUkzSkK9WNF"
1564223091454	addons.webextension.screenshots@mozilla.org	WARN	Loading extension 'screenshots@mozilla.org': Reading manifest: Invalid extension permission: mozillaAddons
1564223091454	addons.webextension.screenshots@mozilla.org	WARN	Loading extension 'screenshots@mozilla.org': Reading manifest: Invalid extension permission: telemetry
1564223091454	addons.webextension.screenshots@mozilla.org	WARN	Loading extension 'screenshots@mozilla.org': Reading manifest: Invalid extension permission: resource://pdf.js/
1564223091454	addons.webextension.screenshots@mozilla.org	WARN	Loading extension 'screenshots@mozilla.org': Reading manifest: Invalid extension permission: about:reader*
1564223093136	Marionette	INFO	Listening on port 64102
1564223093224	Marionette	WARN	TLS certificate errors will be ignored for this session
[Parent 19624, Gecko_IOThread] WARNING: pipe error: 109: file z:/task_1563383129/build/src/ipc/chromium/src/chrome/common/ipc_channel_win.cc, line 341
[Child 29660, Chrome_ChildThread] WARNING: pipe error: 109: file z:/task_1563383129/build/src/ipc/chromium/src/chrome/common/ipc_channe[Child 29128, Chrome_ChildThread] WARNING: pipe lerror: 10_9: file z:/task_1563383129/win.cc, line 341
build/src/ipc/chromium/src/chrome/common/ipc_channel_win.cc, line 341
[Child 291[Parent 19624, Gecko_IOThread] WARNING: pipe error: 109: file z:/task_1563383129/build/src/ipc/chromium/src/chrome/common/ipc_channel_win.cc, line 341
[Child 25048, Chrome_ChildThread] WARNING: pipe error: 109: file z:/task_1563383129/build/src/ipc/chromium/src/chrome/common/ipc_channel_win.cc, line 341
[Child 250481564223098352	Marionette	INFO	Stopped listening on port 64102
[GPU 287
###!!! [Child][MessageChannel::SendAndWait] Error: Channel error: cannot send/recv

1564223165760	mozrunner::runner	INFO	Running command: "C:\\Program Files\\Mozilla Firefox\\firefox.exe" "-marionette" "-foreground" "-no-remote" "-profile" "C:\\Users\\g_osm\\AppData\\Local\\Temp\\rust_mozprofile.Yzx8Hh1mu8p0"
1564223166184	addons.webextension.screenshots@mozilla.org	WARN	Loading extension 'screenshots@mozilla.org': Reading manifest: Invalid extension permission: mozillaAddons
1564223166184	addons.webextension.screenshots@mozilla.org	WARN	Loading extension 'screenshots@mozilla.org': Reading manifest: Invalid extension permission: telemetry
1564223166185	addons.webextension.screenshots@mozilla.org	WARN	Loading extension 'screenshots@mozilla.org': Reading manifest: Invalid extension permission: resource://pdf.js/
1564223166185	addons.webextension.screenshots@mozilla.org	WARN	Loading extension 'screenshots@mozilla.org': Reading manifest: Invalid extension permission: about:reader*
1564223167877	Marionette	INFO	Listening on port 64164
1564223167975	Marionette	WARN	TLS certificate errors will be ignored for this session
[Child 29656, Chrome_ChildThread] WARNING: pipe error: 109: file z:/task_1563383129/build/src/ipc/chromium/src/chrome/common/ipc_channel_win.cc, line 341[Child 24072, Chrome_ChildThread] WARNING: pipe er
ror: 109: file z:[Chi/task_1563383129/build/src/ipc/chromium/src/chrome/common/ipc_channel_win.cc, line 341
[Child 24072,[Parent 25548, Gecko_IOThread] WARNING: pipe error: 109: file z:/task_1563383129/build/src/ipc/chromium/src/chrome/common/ipc_channel_win.cc, line 341
[Child 18744, Chrome_ChildThread] WARNING: pipe error: 109: file z:/task_1563383129/build/src/ipc/chromium/src/chrome/common/ipc_channel_win.cc, line 341
[Child 18744, Chrome_Chil1564223182498	Marionette	INFO	Stopped listening on port 64164

###!!! [Child][RunMessage] Error: Channel closing: too late to send/recv, messages will be lost

[GPU 29
###!!! [Child][MessageChannel::SendAndWait] Error: Channel error: cannot send/recv

1564223690491	mozrunner::runner	INFO	Running command: "C:\\Program Files\\Mozilla Firefox\\firefox.exe" "-marionette" "-foreground" "-no-remote" "-profile" "C:\\Users\\g_osm\\AppData\\Local\\Temp\\rust_mozprofile.yXZofjLxYk8w"
1564223691514	addons.webextension.screenshots@mozilla.org	WARN	Loading extension 'screenshots@mozilla.org': Reading manifest: Invalid extension permission: mozillaAddons
1564223691515	addons.webextension.screenshots@mozilla.org	WARN	Loading extension 'screenshots@mozilla.org': Reading manifest: Invalid extension permission: telemetry
1564223691515	addons.webextension.screenshots@mozilla.org	WARN	Loading extension 'screenshots@mozilla.org': Reading manifest: Invalid extension permission: resource://pdf.js/
1564223691515	addons.webextension.screenshots@mozilla.org	WARN	Loading extension 'screenshots@mozilla.org': Reading manifest: Invalid extension permission: about:reader*
1564223693586	Marionette	INFO	Listening on port 49937
1564223693718	Marionette	WARN	TLS certificate errors will be ignored for this session
[Parent 1228, Gecko_IOThread] WARNING: pipe error: 109: file z:/task_1563383129/build/src/ipc/chromium/src/chrome/common/ipc_channel_win.cc, line 341
[Parent 1228, Gecko_IOThread] WARNING: pipe error: 109: file z:/task_1563383129/build/src/ipc/chromium/src/chrome/common/ipc_channel_win.cc, line 341
[Child 6484, Chrome_ChildThread] WARNING: pipe error: 109: file z:/task_1563383129/build/src/ipc/chromium/src/chrome/common/ipc_channel_win.cc, line 341
[Child 6484, Chrome_Chi[Parent 1228, Gecko_IOThread] WARNING: pipe error: 109: file z:/task_1563383129/build/src/ipc/chromium/src/chrome/common/ipc_channel_win.cc, line 341
[Child 4276, Chrome_ChildThread] WARNING: pipe error: 109: file z:/task_1563383129/build/src/ipc/chromium/src/chrome/common/ipc_channel_win.cc, line 341
[Child 41564223720690	Marionette	INFO	Stopped listening on port 49937
[GPU
###!!! [Child][RunMessage] Error: Channel closing: too late to send/recv, messages will be lost

 
###!!! [Child][MessageChannel::SendAndWait] Error: Channel error: cannot send/recv

ion
console.error: BroadcastService: 
  receivedBroadcastMessage: handler for
  remote-settings/monitor_changes
  threw error:
  Message: Error: Polling for changes failed: http://%(server)s/dummy/blocklist//buckets/monitor/collections/changes/records?_expected=%221564162743647%22 is not a valid URL..
  Stack:
    remoteSettingsFunction/remoteSettings.pollChanges@resource://services-settings/remote-settings.js:201:13

console.warn: LoginRecipes: "getRecipes: falling back to a synchronous message for:" "https://www.google.com"
console.warn: LoginRecipes: "getRecipes: falling back to a synchronous message for:" "https://www.google.com"
JavaScript warning: resource:///modules/UrlbarView.jsm, line 123: Array.reduce is deprecated; use Array.prototype.reduce instead
[Parent 12768, Gecko_IOThread] WARNING: pipe error: 109: file z:/task_1563383129/build/src/ipc/chromium/src/chrome/common/ipc_channel_win.cc, line 341
[Child 19404, Chrome_ChildThread] WARNING: pipe error: 109: file z:/task_1563383129/build/src/ipc/chromium/src/chrome/common/ipc_channel_win.cc, line 341
[Child 1940
###!!! [Child][MessageChannel] Error: (msgtype=0x530005,name=PHttpChannel::Msg_Cancel) Closed channel: cannot send/recv

4, Chrome_Chiconsole.warn: "Error while detaching the thread front: 'detach' request packet to 'server1.conn0.child1/context18' can't be sent as the connection is closed."
[Parent 12768, Gecko_IOThread] WARNING: pipe error: 109: file z:/task_1563383129/build/src/ipc/chromium/src/chrome/common/ipc_channel_win.cc, line 341
[Parent 12768, Gecko_IOThread] WARNING: pipe error: 109: file z:/task_1563383129/build/src/ipc/chromium/src/chrome/common/ipc_channel_win.cc, line 341
[Child 13096, Chrome_ChildThread] WARNING: pipe error: 109: file z:/task_1563383129/build/src/ipc/chromium/src/chrome/common/ipc_channel_win.cc, line 341
[Child 13096, Chrome_Ch[Child 18748, Chrome_ChildThread] WARNING: pipe error: 109: file z:/task_1563383129/build/src/ipc/chromium/src/chrome/common/ipc_channel_win.cc, line 341
[Child 18748,[Parent 12768, Gecko_IOThread] WARNING: pipe error: 109: file z:/task_1563383129/build/src/ipc/chromium/src/chrome/common/ipc_channel_win.cc, line 341
[Child 18964, Chrome_ChildThread] WARNING: pipe error: 109: file z:/task_1563383129/build/src/ipc/chromium/src/chrome/common/ipc_channel_win.cc, line 341
[Child 18964, Chrom1564225025905	Marionette	INFO	Stopped listening on port 49969
[GP
###!!! [Child][RunMessage] Error: Channel closing: too late to send/recv, messages will be lost


###!!! [Child][MessageChannel::SendAndWait] Error: Channel error: cannot send/recv

64223818604	addons.webextension.screenshots@mozilla.org	WARN	Loading extension 'screenshots@mozilla.org': Reading manifest: Invalid extension permission: about:reader*
1564223820218	Marionette	INFO	Listening on port 50145
1564223820303	Marionette	WARN	TLS certificate errors will be ignored for this session
[Child 20028, Chrome_ChildThread] WARNING: pipe error: 109: file z:/task_1563383129/build/src/ipc/chromium/src/chrome/common/ipc_channel_win.cc, line 341
[Child 20028, C[Child 12816, Chrome_ChildThread] WARNING: pipe error: 109: file z:/task_1563383129/build/src/ipc/chromium/src/chrome/common/ipc_channel_win.cc, line 341
[Child 12816, Chrome_C[Parent 3264, Gecko_IOThread] WARNING: pipe error: 109: file z:/task_1563383129/build/src/ipc/chromium/src/chrome/common/ipc_channel_win.cc, line 341
[Child 3776, Chrome_ChildThread] WARNING: pipe error: 109: file z:/task_1563383129/build/src/ipc/chromium/src/chrome/common/ipc_channel_win.cc, line 341
[Child 31564223826601	Marionette	INFO	Stopped listening on port 50145
[
###!!! [Child][MessageChannel::SendAndWait] Error: Channel error: cannot send/recv

1564224295088	mozrunner::runner	INFO	Running command: "C:\\Program Files\\Mozilla Firefox\\firefox.exe" "-marionette" "-foreground" "-no-remote" "-profile" "C:\\Users\\g_osm\\AppData\\Local\\Temp\\rust_mozprofile.MdRr1jDG8aER"
1564224295533	addons.webextension.screenshots@mozilla.org	WARN	Loading extension 'screenshots@mozilla.org': Reading manifest: Invalid extension permission: mozillaAddons
1564224295533	addons.webextension.screenshots@mozilla.org	WARN	Loading extension 'screenshots@mozilla.org': Reading manifest: Invalid extension permission: telemetry
1564224295533	addons.webextension.screenshots@mozilla.org	WARN	Loading extension 'screenshots@mozilla.org': Reading manifest: Invalid extension permission: resource://pdf.js/
1564224295533	addons.webextension.screenshots@mozilla.org	WARN	Loading extension 'screenshots@mozilla.org': Reading manifest: Invalid extension permission: about:reader*
1564224297208	Marionette	INFO	Listening on port 50363
1564224297312	Marionette	WARN	TLS certificate errors will be ignored for this session
console.warn: LoginRecipes: "getRecipes: falling back to a synchronous message for:" "https://www.google.com"
JavaScript warning: resource:///modules/UrlbarView.jsm, line 123: Array.reduce is deprecated; use Array.prototype.reduce instead
JavaScript error: https://tpc.googlesyndication.com/pagead/js/r20190724/r20110914/client/qs_click_protection.js, line 1: NS_ERROR_NOT_INITIALIZED: 
JavaScript error: https://fw.adsafeprotected.com/rjss/bgd/292723/37053154/xbbe/creative/adj?p=APEucNUJm02BiaHGl0cCmnj13spwTGPz5t_1CrDgWn8CmBuuxO-m9YE&d=CkkAoCZ_4CGO2mk98DcT_rUzJDjvUC7Bd1uAVm8hlkNtJNdwUqdiXcnQPC1P-xbVP7O1i-8ijeT82rK4kSLsOsV31s8uO4wzJoVMEqkRAKAmf-Bhqof9EJx9lfpGQFZF_lte8-jP4itFANB5Ld7Gea-xexppCE8TWnD2v64yqEyU6BXsHqcdHS92jC34wY8PmwmBEK2Ygr0uEr1u261R6n2_ep8vTRoxP1wQwyU6Zt6IXdVevp4vZwCoLaOUIx4-W51klhE-exyEgIV72cckqPMpXvpjQP8tZqBQC9Am1PsdlkF0pSQXADw_UlAz3X3WnNkHKYkTWU0H94KLxvZ3XJ34jiEZoeF26QgE9LPUihlJA5fBpjSy84A5bm97jKrCAdGCstXZ3FtS1PZnCwzwQVVBldCV7v5XBKA9OE-mMQN0I5WLzI_GRsqNEEklRamK9s_UHxHKR-JHfjBgIUw8hCkqOS8NMAInFO6ym4okRlFD0RcmCW83-ZNNUonOfhtWe2krr2Gyh9IKX5B1zZv7ymnsU_L77J1--vVoDcGo-kWf_HKO8Vfi5B6dfmJ7qnzPKyt2ATWJX_ULIbL9KM3JmZ4O7jpj1_3bPk80fASW55eurqb7pCGPaEOoPTygjh9Tm5hr6WNDd_DwKHxVDG6iwmbC_DIKKduKe5Qpsf6cJRV-AvLpk_5ZNC1qFbnW9E8qkF5joanHRH66M3bzd9L6faELUzRNSJI41EK2Q-vXnMM9SRfuxU_W2r8XhPR8bBiwtgoqaos9Q63QAhGSOQ0NcnmsANdH5mB_e0nWue7egGDgQIq91dJ1_TMReFggMsz9eGHN2gvxs0_GpiqlXNaDqpyO-KaDwv7GUQtCbYDxFRBe7gjL0KLOEOsRRIObydgTvG97mrnDqzVK2GLnQvBc99UESIhL_iTDw0KZDWqyV5ko-uaHq7GfICSekjlOf7ykcduww0VTO-5_8NlNbo1xkF8uLb6zCwLZJrbB2g4vK0OuYMWmEliX-K6uQOljYRa1lu7UT0zVWFYvrRQSdfQDgYi-oLkvK8-JkYkiZiKKo8w1HFAlEOjGYXNPDX7tZfcLH-zC4WVJkdTYWBrTVs7l3ol6TgboblSQwnm_axU7b-9GPFzA1OrvHAU2oltvSO3-hUzEqBkx7PAPj6VY1Gt34G7tRJGaXGRCXoW9jGH6SqVNvzWrz2_QbaWHtSTuILPjqacwGB3ACbZR26h7Qz5-oNtdAndeRtLJzwCt0ROxvj8mV7MrJXbxDgYWsq6FLPjM9cwclWATWUafoJAhDK4vX4VhHM_4ctU6M89M8y0rb2k7MXwcgr75lr5D7UAWiDTboGLRXdXtkW-Abno1vOEKuRRAAWk80q-jGPH6Rl6vqeBYlHKSn3VDuyBvVXNQnmBo4Za5Aq7ZoWrQCVRpc-PmCC2rc6OQwPcOo5eiZG-FLZzKeAP8pO8k6erd0hqkk3THhtcPbaS9KVVxOiOm495sfIFyLljFMCuBoqvYUEiva5ho0Ia0Lr_uw2x7fUCt16i2_XA-Xj3BSFqnJ8bEvXY3fG6quMDMRjJ1GzofCFo3SEmQSh2AOs5jcvgO8tv8Zgex0BzCR525t-nZImVj5hLXeXb3QtVT_ca65Tw0UjJ1JBgGJiZqxJIjjRrrhXY5Q1McsYA3BDCJrKETevUO_ZdIQK-B53vgLa3179rhLmZ_c698RfagBMup5u-rDJPNltXlRsu6fBu981VB6a941rv8Hhwfyp-jZX-Tm2IIY5tNcMpCLaiwK0gKLwfR1KR5wq89GK39zJb8BdJ5mDUHdTAj-8_P_0_7eO2SJdUcnuTjOvC_L5Ci97FIDFmPUrqiPPt_hpCOh8c5GkUqBRM0EpmQEE0OGBuR64bSPJbnrkDrEiqfQPtr4z0otg0DVyzzwc43vRsDuiu81YYalZgZfls0pYuumHitXdj5q_tXVmjU6DQ2bqAaOIeiyj4ZbS0FKeibHacWpaSrVp4lhs4-4ncyT1NiR9h-ayXfdGEegDCz9UiOyWafJA-eu2652wESZoyoAU1TWobzK8I8U900zA4PJGLLJGfzx5R-ct27CTYLHMLyVhhmA9bF4Q-u4eSYXyTw6G64dLZn5LTbQES0nOJDKgqmn03eaaSzTAkRFZ-yt8L-5rkg03ctHEtN_rToGtf6VD7TEbnBqqNiM5RKupeky4g6IbO3eiHoipa768K8wRSfjAl9zI7oZbL0i1i1WBJZmyuL0ZTZy3OSYxxt8q2oyqT6ReVth8uwNsaHdYCajyHDyXnwI9Q846CxMj4Py68GQv5Fwu8yDsyvGqpUXYfh4Ml87qX8MNQuxrMycqsxW5DdNVXSinttFQbymsQ4kwY2KNHQpoxbFyNY95XrvAteD3OHzYxG-kjYlmVLyqPTKJ5RwXFt558Zuv7oYe4LksHZXz-eYM-rzqOjq9DNdKu8BpAwXC683doec4vXemhnJB-1FdGB3xNXvECgHlyPpJSqsDN2wDnK2v0iAKKGXdV9SvwGMB7ExD0oGjmwymu2Yn9WcVTZyY6pm5i-XFDX6UsiKkabBdbo9-9UfmAy2peK6KTjh3H7FHvc3WQhtuVZzBA9GfIKDX8Ld4S1gSpjtYx5kAFQ2B49QgZL5uzAswcvBwU2-las688E_mQKO8FBRvXTpuT976nGi2sEqFbKTSz8gvY4kLvHW7NcX43hWIAUXpxR5bp-aJoLuXE6CaUUrv_t6PBt47bD6q4n6T0Ans45-NPlaubN4PUAocQzqaZrSiYzc6kabK5k-kBq3r-QEajK_m9JZ92zWBTK2yhZtdhsJ1_5qWVtk-dO6vovRnjcEulps40pwHFfg0Jml5eMNS_D-hEjXoGyPRgsDLZs7hNDSGRijv8MFcFOxX0sDqMX6ffRIIVHo862JXDIKLYk2H_cYcDjFsk6j1-utA8hDV1XsCfHl0P0JPK3sXX3T39WHQZRAjhOyB3_ynQjvo9OZjrBb6zPG_5-ifnjcmqnUvlzAjWT0rp8VAjsVtRqswUr2uOFHtEE94NfYPWEOy73jKPcUk5aJHgmGhYIABIS5Gg9nQ_UtpAFPzbKdd75MBp7YAE&xfc=https://adclick.g.doubleclick.net/pcs/click%3Fxai%3DAKAOjsu8nZ-4xfakWw_Vq96brUHHU6TZk_SFG01fDAGw7dRoQ0t6tHj5-uvTXFGh7NSSi0Y0LrJK8GU1EYcIKmueRwcidfTunMpPAsvYz_gdJKXwNIy2Ced5b97DhuEoasNvSJGMyZZearAOrMh4CMRNv-UtNdsAZcYGJOwMdwcUSxauFdVHB_QhMbUkYGJ6iT3ZUanijrtS7kzzNykN3Vf-erHo4ykacsuQfaludjGyzO3CUN0ZaRE7bMDcxARtuf-phAatsY2cl3yeS_lcZYiyYbd0UZb4Q3c68fwE-RxSkFiN%26sig%3DCg0ArKJSzMsUKhFpWmjYEAE%26urlfix%3D1%26adurl%3D, line 873: NS_ERROR_NOT_INITIALIZED: 
console.error: BroadcastService: 
  receivedBroadcastMessage: handler for
  remote-settings/monitor_changes
  threw error:
  Message: Error: Polling for changes failed: http://%(server)s/dummy/blocklist//buckets/monitor/collections/changes/records?_expected=%221564162743647%22 is not a valid URL..
  Stack:
    remoteSettingsFunction/remoteSettings.pollChanges@resource://services-settings/remote-settings.js:201:13

[Parent 5980, Gecko_IOThread] WARNING: pipe error: 109: file z:/task_1563383129/build/src/ipc/chromium/src/chrome/common/ipc_channel_win.cc, line 341
[Child 8688, Chrome_ChildThread] WARNING: pipe error: 109: file z:/task_1563383129/build/src/ipc/chromium/src/chrome/common/ipc_channel_win.cc, line 341
[Child 8688, Chrconsole.warn: "Error while detaching the thread front: 'detach' request packet to 'server1.conn0.child1/context18' can't be sent as the connection is closed."
[Parent 5980, Gecko_IOThread] WARNING: pipe error: 109: file z:/task_1563383129/build/src/ipc/chromium/src/chrome/common/ipc_channel_win.cc, line 341
[Child 2208, Chrome_ChildThread] WARNING: pipe error: 109: file z:/task_1563383129/build/src/ipc/chromium/src/chrome/common/ipc_channel_win.cc, line 341
[Child 2208, [Parent 5980, Gecko_IOThread] WARNING: pipe error: 109: file z:/task_1563383129/build/src/ipc/chromium/src/chrome/common/ipc_channel_win.cc, line 341
[Child 2204, Chrome_ChildThread] WARNING: pipe error: 109: file z:/task_1563383129/build/[Child 6136, Chrome_ChildThread] WARNING: pipe error: 109: file z:/task_1563383129/build/src/ipc/chromium/src/chrome/common/ipc_channel_win.cc, line 341
src/ipc/c[Child 6hromium/src/chrome/common/ipc_channel_win.cc, line 341
[Child[Parent 5980, Gecko_IOThread] WARNING: pipe error: 109: file z:/task_1563383129/build/src/ipc/chromium/src/chrome/common/ipc_channel_win.cc, line 341
[Child 18396, Chrome_ChildThread] WARNING: pipe error: 109: file z:/task_1563383129/build/src/ipc/chromium/src/chrome/common/ipc_channel_win.cc, line 341
[Child 18396, Ch1564224929688	Marionette	INFO	Stopped listening on port 50363
[GPU 2
###!!! [Child][RunMessage] Error: Channel closing: too late to send/recv, messages will be lost


###!!! [Child][MessageChannel::SendAndWait] Error: Channel error: cannot send/recv

src/ipc/chromium/src/chrome/common/ipc_channel_win.cc, line 341
[Child 713
###!!! [Child][RunMessage] Error: Channel closing: too late to send/recv, messages will be lost

[
###!!! [Child][MessageChannel::SendAndWait] Error: Channel error: cannot send/recv

1564224935170	mozrunner::runner	INFO	Running command: "C:\\Program Files\\Mozilla Firefox\\firefox.exe" "-marionette" "-foreground" "-no-remote" "-profile" "C:\\Users\\g_osm\\AppData\\Local\\Temp\\rust_mozprofile.dE4C2btp9ppO"
1564224935586	addons.webextension.screenshots@mozilla.org	WARN	Loading extension 'screenshots@mozilla.org': Reading manifest: Invalid extension permission: mozillaAddons
1564224935587	addons.webextension.screenshots@mozilla.org	WARN	Loading extension 'screenshots@mozilla.org': Reading manifest: Invalid extension permission: telemetry
1564224935587	addons.webextension.screenshots@mozilla.org	WARN	Loading extension 'screenshots@mozilla.org': Reading manifest: Invalid extension permission: resource://pdf.js/
1564224935587	addons.webextension.screenshots@mozilla.org	WARN	Loading extension 'screenshots@mozilla.org': Reading manifest: Invalid extension permission: about:reader*
1564224937228	Marionette	INFO	Listening on port 50640
1564224937290	Marionette	WARN	TLS certificate errors will be ignored for this session
1564224968846	Marionette	INFO	Stopped listening on port 50640
[Parent 19820, Gecko_IOThread] WARNING: pipe error: 109: file z:/task_1563383129/build/src/ipc/chromium/src/chrome/common/ipc_channel_win.cc, line 341
console.warn: "Error while detaching the thread front: 'detach' request packet to 'server1.conn0.child1/context18' can't be sent as the connection is closed."
[Child 20848, Chrome_ChildThread] WARNING: pipe error: 109: file z:/task_1563383129/build/src/ipc/chromium/src/chrome/common/ipc_channel_win.cc, line 341
[Child 20848,[Parent 19820, Gecko_IOThread] WARNING: pipe error: 109: file z:/task_1563383129/build/src/ipc/chromium/src/chrome/common/ipc_channel_win.cc, line 341
[Child 20808, Chrome_ChildThread] WARNING: pipe error: 109: file z:/task_1563383129/build/src/ipc/chromium/src/chrome/common/ipc_channel_win.cc, line 341
[Child 20808,[Parent 19820, Gecko_IOThread] WARNING: pipe error: 109: file z:/task_1563383129/build/src/ipc/chromium/src/chrome/common/ipc_channel_win.cc, line 341
[Child 7808, Chrome_ChildThread] WARNING: pipe error: 109: file z:/task_1563383129/build/src/ipc/chromium/src/chrome/common/ipc_channel_win.cc, line 341
[Child 780[GPU 20184,
###!!! [Child][MessageChannel::SendAndWait] Error: Channel error: cannot send/recv

1564225034526	mozrunner::runner	INFO	Running command: "C:\\Program Files\\Mozilla Firefox\\firefox.exe" "-marionette" "-foreground" "-no-remote" "-profile" "C:\\Users\\g_osm\\AppData\\Local\\Temp\\rust_mozprofile.wKd2TyooqO2l"
1564225035009	addons.webextension.screenshots@mozilla.org	WARN	Loading extension 'screenshots@mozilla.org': Reading manifest: Invalid extension permission: mozillaAddons
1564225035010	addons.webextension.screenshots@mozilla.org	WARN	Loading extension 'screenshots@mozilla.org': Reading manifest: Invalid extension permission: telemetry
1564225035010	addons.webextension.screenshots@mozilla.org	WARN	Loading extension 'screenshots@mozilla.org': Reading manifest: Invalid extension permission: resource://pdf.js/
1564225035010	addons.webextension.screenshots@mozilla.org	WARN	Loading extension 'screenshots@mozilla.org': Reading manifest: Invalid extension permission: about:reader*
1564225036713	Marionette	INFO	Listening on port 50696
1564225036741	Marionette	WARN	TLS certificate errors will be ignored for this session
1564225068191	Marionette	INFO	Stopped listening on port 50696
[Parent 13940, Gecko_IOThread] WARNING: pipe error: 109: file z:/task_1563383129/build/src/ipc/chromium/src/chrome/common/ipc_channel_win.cc, line 341
console.warn: "Error while detaching the thread front: 'detach' request packet to 'server1.conn0.child1/context18' can't be sent as the connection is closed."
[Child 4552, Chrome_ChildThread] WARNING: pipe error: 109: file z:/task_1563383129/build/src/ipc/chromium/src/chrome/common/ipc_channel_win.cc, line 341
[Child 4552,[Parent 13940, Gecko_IOThread] WARNING: pipe error: 109: file z:/task_1563383129/build/src/ipc/chromium/src/chrome/common/ipc_channel_win.cc, line 341
[Child 13432, Chrome_ChildThread] WARNING: pipe error: 109: file z:/task_1563383129/build/src/ipc/chromium/src/chrome/common/ipc_channel_win.cc, line 341
[Child 134[Parent 13940, Gecko_IOThread] WARNING: pipe error: 109: file z:/task_1563383129/build/src/ipc/chromium/src/chrome/common/ipc_channel_win.cc, line 341
[Child 15992, Chrome_ChildThread] WARNING: pipe error: 109: file z:/task_1563383129/build/src/ipc/chromium/src/chrome/common/ipc_channel_win.cc, line 341
[Child 15992, Ch[GPU 11
###!!! [Child][MessageChannel::SendAndWait] Error: Channel error: cannot send/recv

1564225419028	mozrunner::runner	INFO	Running command: "C:\\Program Files\\Mozilla Firefox\\firefox.exe" "-marionette" "-foreground" "-no-remote" "-profile" "C:\\Users\\g_osm\\AppData\\Local\\Temp\\rust_mozprofile.gbGK1r3IA520"
1564225419448	addons.webextension.screenshots@mozilla.org	WARN	Loading extension 'screenshots@mozilla.org': Reading manifest: Invalid extension permission: mozillaAddons
1564225419448	addons.webextension.screenshots@mozilla.org	WARN	Loading extension 'screenshots@mozilla.org': Reading manifest: Invalid extension permission: telemetry
1564225419449	addons.webextension.screenshots@mozilla.org	WARN	Loading extension 'screenshots@mozilla.org': Reading manifest: Invalid extension permission: resource://pdf.js/
1564225419449	addons.webextension.screenshots@mozilla.org	WARN	Loading extension 'screenshots@mozilla.org': Reading manifest: Invalid extension permission: about:reader*
1564225421349	Marionette	INFO	Listening on port 50803
1564225421758	Marionette	WARN	TLS certificate errors will be ignored for this session
1564225424142	Marionette	INFO	Stopped listening on port 50803
[Child 12988, Chrome_ChildThread] WARNING: pipe error: 109: file z:/task_1563383129/build/src/ipc/chromium/src/chrome/common/ipc_channel_win.cc, line 341
[Child 12[Parent 892, Gecko_IOThread] WARNING: pipe error: 109: file z:/task_1563383129/build/src/ipc/chromium/src/chrome/common/ipc_channel_win.cc, line 341
[Parent 892, Gecko_IOThread] WARNING: pipe error: 109: file z:/task_1563383129/build/src/ipc/chromium/src/chrome/common/ipc_channel_win.cc, line 341
[Child 20484, Chrome_ChildThread] WARNING: pipe error: 109: file z:/task_1563383129/build/src/ipc/chromium/src/chrome/common/ipc_channel_win.cc, line 341
[Child 20484, Chrome_C[GPU
###!!! [Child][RunMessage] Error: Channel closing: too late to send/recv, messages will be lost


###!!! [Child][MessageChannel::SendAndWait] Error: Channel error: cannot send/recv

1564231469843	mozrunner::runner	INFO	Running command: "C:\\Program Files\\Mozilla Firefox\\firefox.exe" "-marionette" "-foreground" "-no-remote" "-profile" "C:\\Users\\g_osm\\AppData\\Local\\Temp\\rust_mozprofile.hKVeHb7QfcZD"
1564231470278	addons.webextension.screenshots@mozilla.org	WARN	Loading extension 'screenshots@mozilla.org': Reading manifest: Invalid extension permission: mozillaAddons
1564231470278	addons.webextension.screenshots@mozilla.org	WARN	Loading extension 'screenshots@mozilla.org': Reading manifest: Invalid extension permission: telemetry
1564231470278	addons.webextension.screenshots@mozilla.org	WARN	Loading extension 'screenshots@mozilla.org': Reading manifest: Invalid extension permission: resource://pdf.js/
1564231470278	addons.webextension.screenshots@mozilla.org	WARN	Loading extension 'screenshots@mozilla.org': Reading manifest: Invalid extension permission: about:reader*
1564231472214	Marionette	INFO	Listening on port 54975
1564231472568	Marionette	WARN	TLS certificate errors will be ignored for this session
1564231474676	Marionette	INFO	Stopped listening on port 54975
[Child 6184, Chrome_ChildThread] WARNING: pipe error: 109: file z:/task_1563383129/build/src/ipc/chromium/src/chrome/common/ipc_channel_win.cc, line 341
[Child 6184, Chrome_ChildT[Child 24888, Chrome_ChildThread] WARNING: pipe error: 232: file z:/task_1563383129/build/src/ipc/chromium/src/chrome/common/ipc_channel_win.cc, line 502
[Child 24888, Chrome_ChildThread] WARNING: pipe error: 109: file z:/task_1563383129/build/src/ipc/chromium/src/chrome/common/ipc_channel_win.cc, line 341

###!!! [Child][MessageChannel] Error: (msgtype=0x530005,name=PHttpChannel::Msg_Cancel) Closed channel: cannot send/recv

[Child 24888, Chrome_ChildThread] [Parent 16948, Gecko_IOThread] WARNING: pipe error: 109: file z:/task_1563383129/build/src/ipc/chromium/src/chrome/common/ipc_channel_win.cc, line 341
[Child 22056, Chrome_ChildThread] WARNING: pipe error: 109: file z:/task_1563383129/build/src/ipc/chromium/src/chrome/common/ipc_channel_win.cc, line 341
[Child 22056, Chrome_C[GPU 2
###!!! [Child][RunMessage] Error: Channel closing: too late to send/recv, messages will be lost


###!!! [Child][MessageChannel::SendAndWait] Error: Channel error: cannot send/recv

1564231478835	mozrunner::runner	INFO	Running command: "C:\\Program Files\\Mozilla Firefox\\firefox.exe" "-marionette" "-foreground" "-no-remote" "-profile" "C:\\Users\\g_osm\\AppData\\Local\\Temp\\rust_mozprofile.Xb7spvkoSyDx"
1564231479293	addons.webextension.screenshots@mozilla.org	WARN	Loading extension 'screenshots@mozilla.org': Reading manifest: Invalid extension permission: mozillaAddons
1564231479294	addons.webextension.screenshots@mozilla.org	WARN	Loading extension 'screenshots@mozilla.org': Reading manifest: Invalid extension permission: telemetry
1564231479294	addons.webextension.screenshots@mozilla.org	WARN	Loading extension 'screenshots@mozilla.org': Reading manifest: Invalid extension permission: resource://pdf.js/
1564231479294	addons.webextension.screenshots@mozilla.org	WARN	Loading extension 'screenshots@mozilla.org': Reading manifest: Invalid extension permission: about:reader*
1564231481041	Marionette	INFO	Listening on port 55017
1564231481065	Marionette	WARN	TLS certificate errors will be ignored for this session
1564231487149	Marionette	INFO	Stopped listening on port 55017
[Parent 24264, Gecko_IOThread] WARNING: pipe error: 109: file z:/task_1563383129/build/src/ipc/chromium/src/chrome/common/ipc_channel_win.cc, line 341
[Child 22464, Chrome_ChildThread] WARNING: pipe error: 109: file z:/task_1563383129/build/src/ipc/chromium/src/chrome/common/ipc_channel_win.cc, line 341
[Child 22464, Chrome_ChildThread[Parent 24264, Gecko_IOThread] WARNING: pipe error: 109: file z:/task_1563383129/build/src/ipc/chromium/src/chrome/common/ipc_channel_win.cc, line 341
[Child 25300, Chrome_ChildThread] WARNING: pipe error: 232: file z:/task_1563383129/build/src/ipc/chromium/src/chrome/common/ipc_channel_win.cc, line 502
[Child 25300, Chrome_ChildThread] WARNING: pipe error: 109: file z:/task_1563383129/build/src/ipc/chromium/src/chrome/common/ipc_channel_win.cc, line 341
[Child 25300, Chrome_ChildThread] WA[Parent 24264, Gecko_IOThread] WARNING: pipe error: 109: file z:/task_1563383129/build/src/ipc/chromium/src/chrome/common/ipc_channel_win.cc, line 341
[Child 16972, Chrome_ChildThread] WARNING: pipe error: 109: file z:/task_1563383129/build/src/ipc/chromium/src/chrome/common/ipc_channel_win.cc, line 341
[Child 16972, Chrome_[GPU 17064, 
###!!! [Child][MessageChannel::SendAndWait] Error: Channel error: cannot send/recv

1564231491384	mozrunner::runner	INFO	Running command: "C:\\Program Files\\Mozilla Firefox\\firefox.exe" "-marionette" "-headless" "-foreground" "-no-remote" "-profile" "C:\\Users\\g_osm\\AppData\\Local\\Temp\\rust_mozprofile.X9kG4LbOLPrW"
*** You are running in headless mode.
1564231491841	addons.webextension.screenshots@mozilla.org	WARN	Loading extension 'screenshots@mozilla.org': Reading manifest: Invalid extension permission: mozillaAddons
1564231491841	addons.webextension.screenshots@mozilla.org	WARN	Loading extension 'screenshots@mozilla.org': Reading manifest: Invalid extension permission: telemetry
1564231491842	addons.webextension.screenshots@mozilla.org	WARN	Loading extension 'screenshots@mozilla.org': Reading manifest: Invalid extension permission: resource://pdf.js/
1564231491842	addons.webextension.screenshots@mozilla.org	WARN	Loading extension 'screenshots@mozilla.org': Reading manifest: Invalid extension permission: about:reader*
1564231493431	Marionette	INFO	Listening on port 55074
1564231493503	Marionette	WARN	TLS certificate errors will be ignored for this session
1564231499701	Marionette	INFO	Stopped listening on port 55074
[Parent 24996, Gecko_IOThread] WARNING: pipe error: 109: file z:/task_1563383129/build/src/ipc/chromium/src/chrome/common/ipc_channel_win.cc, line 341
[Child 18452, Chrome_ChildThread] WARNING: pipe error: 109: file z:/task_1563383129/build/src/ipc/chromium/src/chrome/common/ipc_channel_win.cc, line 341
[Child 184[Parent 24996, Gecko_IOThread] WARNING: pipe error: 109: file z:/task_1563383129/build/src/ipc/chromium/src/chrome/common/ipc_channel_win.cc, line 341
[Child 25072, Chrome_ChildThread] WARNING: pipe error: 109: file z:/task_1563383129/build/src/ipc/chromium/src/chrome/common/ipc_channel_win.cc, line 341
[Child 25072, Chrome_ChildThread] WA[Parent 24996, Gecko_IOThread] WARNING: pipe error: 109: file z:/task_1563383129/build/src/ipc/chromium/src/chrome/common/ipc_channel_win.cc, line 341
[Child 3528, Chrome_ChildThread] WARNING: pipe error: 109: file z:/task_1563383129/build/src/ipc/chromium/src/chrome/common/ipc_channel_win.cc, line 341
[Child 3528, Chrome_1564232210367	mozrunner::runner	INFO	Running command: "C:\\Program Files\\Mozilla Firefox\\firefox.exe" "-marionette" "-foreground" "-no-remote" "-profile" "C:\\Users\\g_osm\\AppData\\Local\\Temp\\rust_mozprofile.AMkuCBD3VTz3"
1564232210815	addons.webextension.screenshots@mozilla.org	WARN	Loading extension 'screenshots@mozilla.org': Reading manifest: Invalid extension permission: mozillaAddons
1564232210816	addons.webextension.screenshots@mozilla.org	WARN	Loading extension 'screenshots@mozilla.org': Reading manifest: Invalid extension permission: telemetry
1564232210816	addons.webextension.screenshots@mozilla.org	WARN	Loading extension 'screenshots@mozilla.org': Reading manifest: Invalid extension permission: resource://pdf.js/
1564232210816	addons.webextension.screenshots@mozilla.org	WARN	Loading extension 'screenshots@mozilla.org': Reading manifest: Invalid extension permission: about:reader*
1564232212710	Marionette	INFO	Listening on port 55354
1564232213091	Marionette	WARN	TLS certificate errors will be ignored for this session
JavaScript error: chrome://marionette/content/driver.js, line 1299: TypeError: WeakMap key must be an object, got undefined
1564232242496	Marionette	ERROR	[27] No reply from Marionette:Register
JavaScript error: chrome://global/content/elements/browser-custom-element.js, line 1099: uncaught exception: 2147500033
JavaScript error: chrome://global/content/elements/browser-custom-element.js, line 1099: uncaught exception: 2147500033
console.error: BroadcastService: 
  receivedBroadcastMessage: handler for
  remote-settings/monitor_changes
  threw error:
  Message: Error: Polling for changes failed: http://%(server)s/dummy/blocklist//buckets/monitor/collections/changes/records?_expected=%221564162743647%22 is not a valid URL..
  Stack:
    remoteSettingsFunction/remoteSettings.pollChanges@resource://services-settings/remote-settings.js:201:13

JavaScript error: resource://devtools/server/actors/emulation.js, line 352: TypeError: this.targetActor.docShell is null
console.warn: "Error while detaching the thread front: 'detach' request packet to 'server1.conn0.child1/context18' can't be sent as the connection is closed."
[Parent 8224, Gecko_IOThread] WARNING: pipe error: 109: file z:/task_1563383129/build/src/ipc/chromium/src/chrome/common/ipc_channel_win.cc, line 341
[Parent 8224, Gecko_IOThread] WARNING: pipe error: 109: file z:/task_1563383129/build/src/ipc/chromium/src/chrome/common/ipc_channel_win.cc, line 341
[Child 5996, Chrome_ChildThread] WARNING: pipe error: 109: file z:/task_1563383129/build/src/ipc/chromium/src/chrome/common/ipc_channel_win.cc, line 341
[Child 25524, Chrome_ChildThread] WARNING: pipe error: 109: file z:/task_1563383129/build/src/ipc/chromium/src/chrome/common/ipc_channel_win.cc, line 341
[Child 25524, [Parent 8224, Gecko_IOThread] WARNING: pipe error: 109: file z:/task_1563383129/build/src/ipc/chromium/src/chrome/common/ipc_channel_win.cc, line 341
[Child 22068, Chrome_ChildThread] WARNING: pipe error: 109: file z:/task_1563383129/build/src/ipc/chromium/src/chrome/common/ipc_channel_win.cc, line 341
[Child 22061564232625617	Marionette	INFO	Stopped listening on port 55354

###!!! [Child][RunMessage] Error: Channel closing: too late to send/recv, messages will be lost

[GPU 134
###!!! [Child][MessageChannel::SendAndWait] Error: Channel error: cannot send/recv

ome/common/ipc_channel_win.cc, line 341
[Child 4720, Chrome_ChildThread] WARNING: pipe error: 109: file z:/task_1563383129/build/src/ipc/chromium/src/chrome/common/ipc_channel_win.cc, line 341
[Child 4720, Chrome_C1564232622698	Marionette	INFO	Stopped listening on port 55426

###!!! [Child][RunMessage] Error: Channel closing: too late to send/recv, messages will be lost

[
###!!! [Child][MessageChannel::SendAndWait] Error: Channel error: cannot send/recv

2743647%22 is not a valid URL..
  Stack:
    remoteSettingsFunction/remoteSettings.pollChanges@resource://services-settings/remote-settings.js:201:13

[Parent 14204, Gecko_IOThread] WARNING: pipe error: 109: file z:/task_1563383129/build/src/ipc/chromium/src/chrome/common/ipc_channel_win.cc, line 341
[Parent 14204, Gecko_IOThread] WARNING: pipe error: 109: file z:/task_1563383129/build/src/ipc/chromium/src/chrome/common/ipc_channel_win.cc, line 341
[Child 12048, Chrome_ChildThread] WARNING: pipe error: 109: file z:/task_1563383129/build/src/ipc/chromium/src/chrome/commo[n/ipc_channel_Child 11464, Chrome_Chiwin.cc, line 341
ldThread] WARNING: pipe [Cerror: 109: file z:/task_1563383129/build/src/ipc/chromium/src/chrome/common/ipc_channel_win.cc, line 341
[Child 11464, Chrome_ChildThread] WARNING: pipe error: [Parent 14204, Gecko_IOThread] WARNING: pipe error: 109: file z:/task_1563383129/build/src/ipc/chromium/src/chrome/common/ipc_channel_win.cc, line 341
[Child 20272, Chrome_ChildThread] WARNING: pipe error: 109: file z:/task_1563383129/build/src/ipc/chromium/src/chrome/common/ipc_channel_win.cc, line 341
[Child 20271564232621530	Marionette	INFO	Stopped listening on port 55499

###!!! [Child][RunMessage] Error: Channel closing: too late to send/recv, messages will be lost

[
###!!! [Child][MessageChannel::SendAndWait] Error: Channel error: cannot send/recv

1564232965771	mozrunner::runner	INFO	Running command: "C:\\Program Files\\Mozilla Firefox\\firefox.exe" "-marionette" "-foreground" "-no-remote" "-profile" "C:\\Users\\g_osm\\AppData\\Local\\Temp\\rust_mozprofile.dvExtV9Ukqj5"
1564232966234	addons.webextension.screenshots@mozilla.org	WARN	Loading extension 'screenshots@mozilla.org': Reading manifest: Invalid extension permission: mozillaAddons
1564232966234	addons.webextension.screenshots@mozilla.org	WARN	Loading extension 'screenshots@mozilla.org': Reading manifest: Invalid extension permission: telemetry
1564232966234	addons.webextension.screenshots@mozilla.org	WARN	Loading extension 'screenshots@mozilla.org': Reading manifest: Invalid extension permission: resource://pdf.js/
1564232966234	addons.webextension.screenshots@mozilla.org	WARN	Loading extension 'screenshots@mozilla.org': Reading manifest: Invalid extension permission: about:reader*
1564232968246	Marionette	INFO	Listening on port 55635
1564232968498	Marionette	WARN	TLS certificate errors will be ignored for this session
JavaScript warning: resource:///modules/UrlbarView.jsm, line 123: Array.reduce is deprecated; use Array.prototype.reduce instead
JavaScript warning: https://static.adsafeprotected.com/sca.17.4.95.js, line 32: Array.slice is deprecated; use Array.prototype.slice instead
console.error: BroadcastService: 
  receivedBroadcastMessage: handler for
  remote-settings/monitor_changes
  threw error:
  Message: Error: Polling for changes failed: http://%(server)s/dummy/blocklist//buckets/monitor/collections/changes/records?_expected=%221564162743647%22 is not a valid URL..
  Stack:
    remoteSettingsFunction/remoteSettings.pollChanges@resource://services-settings/remote-settings.js:201:13

JavaScript warning: https://static.adsafeprotected.com/sca.17.4.95.js, line 32: Array.slice is deprecated; use Array.prototype.slice instead
la.org': Reading manifest: Invalid extension permission: about:reader*
1564233007306	Marionette	INFO	Listening on port 55696
1564233007614	Marionette	WARN	TLS certificate errors will be ignored for this session
[Parent 216, Gecko_IOThread] WARNING: pipe error: 109: file z:/task_1563383129/build/src/ipc/chromium/src/chrome/common/ipc_channel_win.cc, line 341
[Parent 216, Gecko_IOThread] WARNING: pipe error: 109: file z:/task_1563383129/build/src/ipc/chromium/src/chrome/common/ipc_channel_win.cc, line 341
[Child 19604, Chrome_ChildThread] WARNING: pipe error: 109: file z:/task_1563383129/build/src/ipc/chromium/src/chrome/common/ipc_channel_win.cc, line 341
[Child 19604, C[Child 21920, Chrome_ChildThread] WARNING: pipe error: 109: file z:/task_1563383129/build/src/ipc/chromium/src/chrome/common/ipc_channel_win.cc, line 341
[Child 21920, Chrome_ChildThrea[Parent 216, Gecko_IOThread] WARNING: pipe error: 109: file z:/task_1563383129/build/src/ipc/chromium/src/chrome/common/ipc_channel_win.cc, line 341
[Child 25240, Chrome_ChildThread] WARNING: pipe error: 109: file z:/task_1563383129/build/src/ipc/chromium/src/chrome/common/ipc_channel_win.cc, line 341
[Child 25240, Chrom1564233012809	Marionette	INFO	Stopped listening on port 55696
[GPU 93
###!!! [Child][RunMessage] Error: Channel closing: too late to send/recv, messages will be lost


###!!! [Child][MessageChannel::SendAndWait] Error: Channel error: cannot send/recv

1564233859968	mozrunner::runner	INFO	Running command: "C:\\Program Files\\Mozilla Firefox\\firefox.exe" "-marionette" "-foreground" "-no-remote" "-profile" "C:\\Users\\g_osm\\AppData\\Local\\Temp\\rust_mozprofile.P4GSjdoRzSIk"
1564233860407	addons.webextension.screenshots@mozilla.org	WARN	Loading extension 'screenshots@mozilla.org': Reading manifest: Invalid extension permission: mozillaAddons
1564233860407	addons.webextension.screenshots@mozilla.org	WARN	Loading extension 'screenshots@mozilla.org': Reading manifest: Invalid extension permission: telemetry
1564233860407	addons.webextension.screenshots@mozilla.org	WARN	Loading extension 'screenshots@mozilla.org': Reading manifest: Invalid extension permission: resource://pdf.js/
1564233860407	addons.webextension.screenshots@mozilla.org	WARN	Loading extension 'screenshots@mozilla.org': Reading manifest: Invalid extension permission: about:reader*
1564233862139	Marionette	INFO	Listening on port 56027
1564233862202	Marionette	WARN	TLS certificate errors will be ignored for this session
1564233958966	mozrunner::runner	INFO	Running command: "C:\\Program Files\\Mozilla Firefox\\firefox.exe" "-marionette" "-foreground" "-no-remote" "-profile" "C:\\Users\\g_osm\\AppData\\Local\\Temp\\rust_mozprofile.xsmNn8EGEJwJ"
1564233959423	addons.webextension.screenshots@mozilla.org	WARN	Loading extension 'screenshots@mozilla.org': Reading manifest: Invalid extension permission: mozillaAddons
1564233959424	addons.webextension.screenshots@mozilla.org	WARN	Loading extension 'screenshots@mozilla.org': Reading manifest: Invalid extension permission: telemetry
1564233959424	addons.webextension.screenshots@mozilla.org	WARN	Loading extension 'screenshots@mozilla.org': Reading manifest: Invalid extension permission: resource://pdf.js/
1564233959424	addons.webextension.screenshots@mozilla.org	WARN	Loading extension 'screenshots@mozilla.org': Reading manifest: Invalid extension permission: about:reader*
1564233961156	Marionette	INFO	Listening on port 56109
1564233961192	Marionette	WARN	TLS certificate errors will be ignored for this session
JavaScript error: https://nav.files.bbci.co.uk/orbit/3.0.0-644.b690f3ef/js/require.min.js, line 1: Error: Script error for "idcta-v2/statusbar"
http://requirejs.org/docs/errors.html#scripterror
1564233965234	Marionette	INFO	Stopped listening on port 56109
[Parent 20632, Gecko_IOThread] WARNING: pipe error: 109: file z:/task_1563383129/build/src/ipc/chromium/src/chrome/common/ipc_channel_win.cc, line 341
[Child 25272, Chrome_ChildThread] WARNING: pipe error: 109: file z:/task_1563383129/build/src/ipc/chromium/src/chrome/common/ipc_channel_win.cc, line 341
[Child 25272, Chrome[Parent 20632, Gecko_IOThread] WARNING: pipJavaScript error: https://nave error: 109: file z:/task_1563383129/bui.fileld/src/ipc/chromium/src/chrome/common/ipc_chansnel_win.cc, line 341.
bbci.co.uk/orbit/3.0.0-644.b690f3ef/js/require.min.js, line 1: Error: Script error for "live-push"
http://requirejs.org/docs/errors.html#scripterror
JavaScript error: https://nav.files.bbci.co.uk/orbit/3.0.0-644.b690f3ef/js/require.min.js, line 1: Error: Script error for "bump-3"
http://requirejs.org/docs/errors.html#scripterror

###!!! [Child][MessageChannel] Error: (msgtype=0x3500BC,name=PContent::Msg_ScriptError) Channel closing: too late to send/recv, messages will be lost


###!!! [Child][RunMessage] Error: Channel closing: too late to send/recv, messages will be lost

[Parent 20632, Gecko_IOThread] WARNING: pipe error: 109: file z:/task_1563383129/build/src/ipc/chromium/src/chrome/common/ipc_channel_win.cc, line 341
[Child 500, Chrome_ChildThread] WARNING: pipe error: 109: file z:/task_1563383129/build/src/ipc/chromium/src/chrome/common/ipc_channel_win.cc, line 341
[Child 500,
###!!! [Child][RunMessage] Error: Channel closing: too late to send/recv, messages will be lost

[
###!!! [Child][MessageChannel::SendAndWait] Error: Channel error: cannot send/recv

1564234061113	mozrunner::runner	INFO	Running command: "C:\\Program Files\\Mozilla Firefox\\firefox.exe" "-marionette" "-foreground" "-no-remote" "-profile" "C:\\Users\\g_osm\\AppData\\Local\\Temp\\rust_mozprofile.RxN4r4YL3SME"
1564234061549	addons.webextension.screenshots@mozilla.org	WARN	Loading extension 'screenshots@mozilla.org': Reading manifest: Invalid extension permission: mozillaAddons
1564234061549	addons.webextension.screenshots@mozilla.org	WARN	Loading extension 'screenshots@mozilla.org': Reading manifest: Invalid extension permission: telemetry
1564234061549	addons.webextension.screenshots@mozilla.org	WARN	Loading extension 'screenshots@mozilla.org': Reading manifest: Invalid extension permission: resource://pdf.js/
1564234061549	addons.webextension.screenshots@mozilla.org	WARN	Loading extension 'screenshots@mozilla.org': Reading manifest: Invalid extension permission: about:reader*
1564234063225	Marionette	INFO	Listening on port 56180
1564234063234	Marionette	WARN	TLS certificate errors will be ignored for this session
JavaScript warning: resource:///modules/UrlbarView.jsm, line 123: Array.reduce is deprecated; use Array.prototype.reduce instead
JavaScript warning: https://static.adsafeprotected.com/sca.17.4.95.js, line 32: Array.slice is deprecated; use Array.prototype.slice instead
JavaScript warning: https://static.adsafeprotected.com/sca.17.4.95.js, line 32: Array.slice is deprecated; use Array.prototype.slice instead
e" "-profile" "C:\\Users\\g_osm\\AppData\\Local\\Temp\\rust_mozprofile.L4VeKBbMjV5x"
1564234174299	addons.webextension.screenshots@mozilla.org	WARN	Loading extension 'screenshots@mozilla.org': Reading manifest: Invalid extension permission: mozillaAddons
1564234174299	addons.webextension.screenshots@mozilla.org	WARN	Loading extension 'screenshots@mozilla.org': Reading manifest: Invalid extension permission: telemetry
1564234174299	addons.webextension.screenshots@mozilla.org	WARN	Loading extension 'screenshots@mozilla.org': Reading manifest: Invalid extension permission: resource://pdf.js/
1564234174299	addons.webextension.screenshots@mozilla.org	WARN	Loading extension 'screenshots@mozilla.org': Reading manifest: Invalid extension permission: about:reader*
1564234176269	Marionette	INFO	Listening on port 56319
1564234176565	Marionette	WARN	TLS certificate errors will be ignored for this session
1564234180797	Marionette	INFO	Stopped listening on port 56319
[Parent 10916, Gecko_IOThread] WARNING: pipe error: 109: file z:/task_1563383129/build/src/ipc/chromium/src/chrome/common/ipc_channel_win.cc, line 341
[Child 25612, Chrome_ChildThread] WARNING: pipe error: 109: file z:/task_1563383129/build/src/ipc/chromium/src/chrome/common/ipc_channel_win.cc, line 341
[Child 25JavaScript error: https://nav.files.bbci.co.uk/orbit/3.0.0-644.b690f3ef/js/require.min.js, line 1: Error: Script error for "live-push"
http://requirejs.org/docs/errors.html#scripterror
JavaScript error: https://nav.files.bbci.co.uk/orbit/3.0.0-644.b690f3ef/js/require.min.js, line 1: Error: Script error for "bump-3"
http://requirejs.org/docs/errors.html#scripterror
[Parent 10916, Gecko_IOThread] WARNING: pipe error: 109: file z:/task_1563383129/build/src/ipc/chromium/src/chrome/common/ipc_channel_win.cc, line 341
[Child 25784, Chrome_ChildThread] WARNING: pipe error: 109: file z:/task_1563383129/build/src/ipc/chromium/src/chrome/common/ipc_channel_win.cc, line 341
[Child 25784, C[Child 10984, Chrome_ChildThread] WARNING: pipe error: 109: file z:/task_1563383129/build/src/ipc/chromium/src/chrome/common/ipc_channel_win.cc, line 341
[Child 10984
###!!! [Child][RunMessage] Error: Channel closing: too late to send/recv, messages will be lost

[
###!!! [Child][MessageChannel::SendAndWait] Error: Channel error: cannot send/recv

1564234193528	mozrunner::runner	INFO	Running command: "C:\\Program Files\\Mozilla Firefox\\firefox.exe" "-marionette" "-headless" "-foreground" "-no-remote" "-profile" "C:\\Users\\g_osm\\AppData\\Local\\Temp\\rust_mozprofile.k8ayNf9k6UOB"
*** You are running in headless mode.
1564234193954	addons.webextension.screenshots@mozilla.org	WARN	Loading extension 'screenshots@mozilla.org': Reading manifest: Invalid extension permission: mozillaAddons
1564234193954	addons.webextension.screenshots@mozilla.org	WARN	Loading extension 'screenshots@mozilla.org': Reading manifest: Invalid extension permission: telemetry
1564234193954	addons.webextension.screenshots@mozilla.org	WARN	Loading extension 'screenshots@mozilla.org': Reading manifest: Invalid extension permission: resource://pdf.js/
1564234193954	addons.webextension.screenshots@mozilla.org	WARN	Loading extension 'screenshots@mozilla.org': Reading manifest: Invalid extension permission: about:reader*
1564234195567	Marionette	INFO	Listening on port 56380
1564234195645	Marionette	WARN	TLS certificate errors will be ignored for this session
JavaScript error: https://nav.files.bbci.co.uk/orbit/3.0.0-644.b690f3ef/js/require.min.js, line 1: Error: Script error for "idcta-v2/statusbar"
http://requirejs.org/docs/errors.html#scripterror
1564234199564	Marionette	INFO	Stopped listening on port 56380
JavaScript error: resource://gre/modules/UrlClassifierListManager.jsm, line 601: TypeError: this.tablesData[table] is undefined
[Parent 18540, Gecko_IOThread] WARNING: pipe error: 109: file z:/task_1563383129/build/src/ipc/chromium/src/chrome/common/ipc_channel_win.cc, line 341
[Child 25984, Chrome_ChildThread] WARNING: pipe error: 109: file z:/task_1563383129/build/src/ipc/chromium/src/chrome/common/ipc_channel_win.cc, line 341
[Child JavaScript error: https://nav.files.bbci.co.uk/orbit/3.0.0-644.b690f3ef/js/require.min.js, line 1: Error: Script error for "bump-3"
http://requirejs.org/docs/errors.html#scripterror
JavaScript error: https://nav.files.bbci.co.uk/orbit/3.0.0-644.b690f3ef/js/require.min.js, line 1: Error: Script error for "live-push"
http://requirejs.org/docs/errors.html#scripterror
[Parent 18540, Gecko_IOThread] WARNING: pipe error: 109: file z:/task_1563383129/build/src/ipc/chromium/src/chrome/common/ipc_channel_win.cc, line 341
[Child 25820, Chrome_ChildThread] WARNING: pipe error: 109: file z:/task_1563383129/build/src/ipc/chromium/src/chrome/common/ipc_channel_win.cc, line 341
[Child 25820, Chrome1564234286983	mozrunner::runner	INFO	Running command: "C:\\Program Files\\Mozilla Firefox\\firefox.exe" "-marionette" "-headless" "-foreground" "-no-remote" "-profile" "C:\\Users\\g_osm\\AppData\\Local\\Temp\\rust_mozprofile.Yv5pMBqbkSxt"
*** You are running in headless mode.
1564234287469	addons.webextension.screenshots@mozilla.org	WARN	Loading extension 'screenshots@mozilla.org': Reading manifest: Invalid extension permission: mozillaAddons
1564234287469	addons.webextension.screenshots@mozilla.org	WARN	Loading extension 'screenshots@mozilla.org': Reading manifest: Invalid extension permission: telemetry
1564234287469	addons.webextension.screenshots@mozilla.org	WARN	Loading extension 'screenshots@mozilla.org': Reading manifest: Invalid extension permission: resource://pdf.js/
1564234287469	addons.webextension.screenshots@mozilla.org	WARN	Loading extension 'screenshots@mozilla.org': Reading manifest: Invalid extension permission: about:reader*
1564234289263	Marionette	INFO	Listening on port 56515
1564234289700	Marionette	WARN	TLS certificate errors will be ignored for this session
1564234293735	Marionette	INFO	Stopped listening on port 56515
[Child 7148, Chrome_ChildThread] WARNING: pipe error: 109: file z:/task_1563383129/build/src/ipc/chromium/src/chrome/common/ipc_channel_win.cc, line 341
[Child 71JavaScript error: https://nav.files.bbci.co.uk/orbit/3.0.0-644.b690f3ef/js/require.min.js, line 1: Error: Script error for "live-push"
http://requirejs.org/docs/errors.html#scripterror
JavaScript error: https://nav.files.bbci.co.uk/orbit/3.0.0-644.b690f3ef/js/require.min.js, line 1: Error: Script error for "bump-3"
http://requirejs.org/docs/errors.html#scripterror
[Parent 26072, Gecko_IOThread] WARNING: pipe error: 109: file z:/task_1563383129/build/src/ipc/chromium/src/chrome/common/ipc_channel_win.cc, line 341
[Child 26500, Chrome_ChildThread] WARNING: pipe error: 109: file z:/task_1563383129/build/src/ipc/chromium/src/chrome/common/ipc_channel_win.cc, line 341
[Child 26500, Chrom[Parent 26072, Gecko_IOThread] WARNING: pipe error: 109: file z:/task_1563383129/build/src/ipc/chromium/src/chrome/common/ipc_channel_win.cc, line 341
[Child 21648, Chrome_ChildThread] WARNING: pipe error: 109: file z:/task_1563383129/build/src/ipc/chromium/src/chrome/common/ipc_channel_win.cc, line 341
[Child 21648, Chrome_1564234351237	mozrunner::runner	INFO	Running command: "C:\\Program Files\\Mozilla Firefox\\firefox.exe" "-marionette" "-headless" "-foreground" "-no-remote" "-profile" "C:\\Users\\g_osm\\AppData\\Local\\Temp\\rust_mozprofile.xCvXxEMDyn3V"
*** You are running in headless mode.
1564234351693	addons.webextension.screenshots@mozilla.org	WARN	Loading extension 'screenshots@mozilla.org': Reading manifest: Invalid extension permission: mozillaAddons
1564234351693	addons.webextension.screenshots@mozilla.org	WARN	Loading extension 'screenshots@mozilla.org': Reading manifest: Invalid extension permission: telemetry
1564234351694	addons.webextension.screenshots@mozilla.org	WARN	Loading extension 'screenshots@mozilla.org': Reading manifest: Invalid extension permission: resource://pdf.js/
1564234351694	addons.webextension.screenshots@mozilla.org	WARN	Loading extension 'screenshots@mozilla.org': Reading manifest: Invalid extension permission: about:reader*
1564234353418	Marionette	INFO	Listening on port 56590
1564234353451	Marionette	WARN	TLS certificate errors will be ignored for this session
1564234357552	Marionette	INFO	Stopped listening on port 56590
JavaScript error: resource://gre/modules/UrlClassifierListManager.jsm, line 601: TypeError: this.tablesData[table] is undefined
[Child 10380, Chrome_ChildThread] WARNING: pipe error: 109: file z:/task_1563383129/build/src/ipc/chromium/src/chrome/common/ipc_channel_win.cc, line 341
[Child 10380, ChJavaScript error: https://nav.files.bbci.co.uk/orbit/3.0.0-644.b690f3ef/js/require.min.js, line 1: Error: Script error for "live-push"
http://requirejs.org/docs/errors.html#scripterror
JavaScript error: https://nav.files.bbci.co.uk/orbit/3.0.0-644.b690f3ef/js/require.min.js, line 1: Error: Script error for "bump-3"
http://requirejs.org/docs/errors.html#scripterror
[Child 25860, Chrome_ChildThread] WARNING: pipe error: 109: file z:/task_1563383129/build/src/ipc/chromium/src/chrome/common/ipc_channel_win.cc, line 341
[Child 25860, Chrom[Parent 2624, Gecko_IOThread] WARNING: pipe error: 109: file z:/task_1563383129/build/src/ipc/chromium/src/chrome/common/ipc_channel_win.cc, line 341
[Child 11220, Chrome_ChildThread] WARNING: pipe error: 109: file z:/task_1563383129/build/src/ipc/chromium/src/chrome/common/ipc_channel_win.cc, line 341
[Child 11220, Chrome_Chil1564234490084	mozrunner::runner	INFO	Running command: "C:\\Program Files\\Mozilla Firefox\\firefox.exe" "-marionette" "-headless" "-foreground" "-no-remote" "-profile" "C:\\Users\\g_osm\\AppData\\Local\\Temp\\rust_mozprofile.vrc3bjgR6fU9"
*** You are running in headless mode.
1564234490555	addons.webextension.screenshots@mozilla.org	WARN	Loading extension 'screenshots@mozilla.org': Reading manifest: Invalid extension permission: mozillaAddons
1564234490555	addons.webextension.screenshots@mozilla.org	WARN	Loading extension 'screenshots@mozilla.org': Reading manifest: Invalid extension permission: telemetry
1564234490555	addons.webextension.screenshots@mozilla.org	WARN	Loading extension 'screenshots@mozilla.org': Reading manifest: Invalid extension permission: resource://pdf.js/
1564234490555	addons.webextension.screenshots@mozilla.org	WARN	Loading extension 'screenshots@mozilla.org': Reading manifest: Invalid extension permission: about:reader*
1564234492296	Marionette	INFO	Listening on port 56670
1564234492303	Marionette	WARN	TLS certificate errors will be ignored for this session
1564234507050	mozrunner::runner	INFO	Running command: "C:\\Program Files\\Mozilla Firefox\\firefox.exe" "-marionette" "-headless" "-foreground" "-no-remote" "-profile" "C:\\Users\\g_osm\\AppData\\Local\\Temp\\rust_mozprofile.eG3pNDEsK9bl"
*** You are running in headless mode.
1564234507545	addons.webextension.screenshots@mozilla.org	WARN	Loading extension 'screenshots@mozilla.org': Reading manifest: Invalid extension permission: mozillaAddons
1564234507546	addons.webextension.screenshots@mozilla.org	WARN	Loading extension 'screenshots@mozilla.org': Reading manifest: Invalid extension permission: telemetry
1564234507546	addons.webextension.screenshots@mozilla.org	WARN	Loading extension 'screenshots@mozilla.org': Reading manifest: Invalid extension permission: resource://pdf.js/
1564234507546	addons.webextension.screenshots@mozilla.org	WARN	Loading extension 'screenshots@mozilla.org': Reading manifest: Invalid extension permission: about:reader*
1564234509425	Marionette	INFO	Listening on port 56730
1564234509780	Marionette	WARN	TLS certificate errors will be ignored for this session
1564234513985	Marionette	INFO	Stopped listening on port 56730
[Parent 11404, Gecko_IOThread] WARNING: pipe error: 109: file z:/task_1563383129/build/src/ipc/chromium/src/chrome/common/ipc_channel_win.cc, line 341
[Child 1680, Chrome_ChildThread] WARNING: pipe error: 109: file z:/task_1563383129/build/src/ipc/chromium/src/chrome/common/ipc_channel_win.cc, line 341
[Child 1680, Chrome_ChildThread] WARNING: JavaScript error: https://nav.files.bbci.co.uk/orbit/3.0.0-644.b690f3ef/js/require.min.js, line 1: Error: Script error for "echo-12.4.0"
http://requirejs.org/docs/errors.html#scripterror
[Parent 11404, Gecko_IOThread] WARNING: pipe error: 109: file z:/task_1563383129/build/src/ipc/chromium/src/chrome/common/ipc_channel_win.cc, line 341
[Child 24784, Chrome_ChildThread] WARNING: pipe error: 109: file z:/task_1563383129/build/src/ipc/chromium/src/chrome/common/ipc_channel_win.cc, line 341
[Child 24784, Chrome_ChildThre[Parent 11404, Gecko_IOThread] WARNING: pipe error: 109: file z:/task_1563383129/build/src/ipc/chromium/src/chrome/common/ipc_channel_win.cc, line 341
[Child 26784, Chrome_ChildThread] WARNING: pipe error: 109: file z:/task_1563383129/build/src/ipc/chromium/src/chrome/common/ipc_channel_win.cc, line 341
[Child 26784, Chrome_C